<?xml version="1.0" encoding="UTF-8"?>
<testng-results ignored="0" total="5" passed="5" failed="0" skipped="0">
  <reporter-output>
  </reporter-output>
  <suite started-at="2026-04-26T15:26:06 CEST" name="API Suite" finished-at="2026-04-26T15:26:16 CEST" duration-ms="9412">
    <groups>
    </groups>
    <test started-at="2026-04-26T15:26:06 CEST" name="User API Tests" finished-at="2026-04-26T15:26:16 CEST" duration-ms="9412">
      <class name="tests.UserApiTests">
        <test-method signature="getInvalidUserTest()[pri:5, instance:tests.UserApiTests@3b6d844d]" started-at="2026-04-26T15:26:06 CEST" name="getInvalidUserTest" finished-at="2026-04-26T15:26:13 CEST" duration-ms="6317" status="PASS">
          <reporter-output>
          </reporter-output>
        </test-method> <!-- getInvalidUserTest -->
        <test-method signature="createUserTest()[pri:1, instance:tests.UserApiTests@3b6d844d]" started-at="2026-04-26T15:26:06 CEST" name="createUserTest" finished-at="2026-04-26T15:26:14 CEST" duration-ms="7321" status="PASS">
          <reporter-output>
          </reporter-output>
        </test-method> <!-- createUserTest -->
        <test-method signature="getUserTest()[pri:2, instance:tests.UserApiTests@3b6d844d]" started-at="2026-04-26T15:26:14 CEST" name="getUserTest" finished-at="2026-04-26T15:26:16 CEST" depends-on-methods="tests.UserApiTests.createUserTest" duration-ms="1920" status="PASS">
          <reporter-output>
          </reporter-output>
        </test-method> <!-- getUserTest -->
        <test-method signature="deleteUserTest()[pri:4, instance:tests.UserApiTests@3b6d844d]" started-at="2026-04-26T15:26:14 CEST" name="deleteUserTest" finished-at="2026-04-26T15:26:16 CEST" depends-on-methods="tests.UserApiTests.createUserTest" duration-ms="1925" status="PASS">
          <reporter-output>
          </reporter-output>
        </test-method> <!-- deleteUserTest -->
        <test-method signature="updateUserTest()[pri:3, instance:tests.UserApiTests@3b6d844d]" started-at="2026-04-26T15:26:14 CEST" name="updateUserTest" finished-at="2026-04-26T15:26:16 CEST" depends-on-methods="tests.UserApiTests.createUserTest" duration-ms="1825" status="PASS">
          <reporter-output>
          </reporter-output>
        </test-method> <!-- updateUserTest -->
      </class> <!-- tests.UserApiTests -->
    </test> <!-- User API Tests -->
  </suite> <!-- API Suite -->
</testng-results>
