<?xml version="1.0" encoding="UTF-8"?>
<testsuite xmlns:xsi="http://www.w3.org/2001/XMLSchema-instance" xsi:noNamespaceSchemaLocation="https://maven.apache.org/surefire/maven-surefire-plugin/xsd/surefire-test-report.xsd" version="3.0.2" name="TestSuite" time="9.972" tests="4" errors="0" skipped="0" failures="0">
  <properties>
[...]
</properties>
  <testcase name="deleteUserTest" classname="tests.UserApiTests" time="0.07">
    <system-out><![CDATA[08:36:41.460 [main] DEBUG org.testng.TestNG -- suiteXmlPath: "C:\Users\nitya\api-automation-framework\src\test\resources\testng.xml"
08:36:41.534 [main] WARN org.testng.xml.TestNGContentHandler -- It is strongly recommended to add "<!DOCTYPE suite SYSTEM "https://testng.org/testng-1.1.dtd" >" at the top of the suite file [C:\Users\nitya\api-automation-framework\src\test\resources\testng.xml] otherwise TestNG may fail or not work as expected.
08:36:41.611 [main] WARN org.testng.TestNG -- Ignoring duplicate listener : io.qameta.allure.testng.AllureTestNg
08:36:41.611 [main] WARN org.testng.TestNG -- Ignoring duplicate listener : io.qameta.allure.testng.AllureTestNg
08:36:41.612 [main] WARN org.testng.TestNG -- Ignoring duplicate listener : io.qameta.allure.testng.AllureTestNg
08:36:41.614 [main] WARN org.testng.TestNG -- Ignoring duplicate listener : io.qameta.allure.testng.AllureTestNg
08:36:41.614 [main] WARN org.testng.TestNG -- Ignoring duplicate listener : io.qameta.allure.testng.AllureTestNg
08:36:41.614 [main] WARN org.testng.TestNG -- Ignoring duplicate listener : io.qameta.allure.testng.AllureTestNg
==== TEST SUITE STARTED ====
🔁 Retry creating user: 1
🔁 Retry creating user: 1
🆔 Created User ID: 8450562
 STARTED: deleteUserTest
🆔 Created User ID: 8450563
🔁 Retry creating user: 2
 STARTED: getUserTest
✔ Deleted User ID: 8450562
 PASSED: deleteUserTest
]]></system-out>
  </testcase>
  <testcase name="getUserTest" classname="tests.UserApiTests" time="0.449">
    <system-out><![CDATA[✔ Fetched User ID: 8450563
 PASSED: getUserTest
]]></system-out>
  </testcase>
  <testcase name="updateUserTest" classname="tests.UserApiTests" time="0.46">
    <system-out><![CDATA[🧹 Cleaning user: 8450563
🆔 Created User ID: 8450565
 STARTED: getInvalidUserTest
🆔 Created User ID: 8450566
 STARTED: updateUserTest
✔ Updated User ID: 8450566
 PASSED: updateUserTest
]]></system-out>
  </testcase>
  <testcase name="getInvalidUserTest" classname="tests.UserApiTests" time="0.79">
    <system-out><![CDATA[🧹 Cleaning user: 8450566
✔ Negative test passed
 PASSED: getInvalidUserTest
]]></system-out>
  </testcase>
</testsuite>