<?xml version="1.0" encoding="UTF-8"?>
<!-- Generated by org.testng.reporters.JUnitReportReporter -->
<testsuite hostname="Nityanandyoga" failures="0" tests="5" name="tests.UserApiTests" time="19.308" errors="0" timestamp="2026-04-26T15:26:16 CEST" skipped="0">
  <testcase classname="tests.UserApiTests" name="createUserTest" time="7.321"/>
  <testcase classname="tests.UserApiTests" name="getUserTest" time="1.920"/>
  <testcase classname="tests.UserApiTests" name="updateUserTest" time="1.825"/>
  <testcase classname="tests.UserApiTests" name="deleteUserTest" time="1.925"/>
  <testcase classname="tests.UserApiTests" name="getInvalidUserTest" time="6.317"/>
</testsuite> <!-- tests.UserApiTests -->
