<?xml version="1.0" encoding="UTF-8"?>
<!-- Generated by org.testng.reporters.JUnitReportReporter -->
<testsuite hostname="Nityanandyoga" failures="0" tests="4" name="tests.UserApiTests" time="25.111" errors="0" timestamp="2026-04-27T08:36:50 CEST" skipped="0">
  <testcase classname="tests.UserApiTests" name="getUserTest" time="8.686"/>
  <testcase classname="tests.UserApiTests" name="updateUserTest" time="7.514"/>
  <testcase classname="tests.UserApiTests" name="deleteUserTest" time="2.530"/>
  <testcase classname="tests.UserApiTests" name="getInvalidUserTest" time="6.381"/>
</testsuite> <!-- tests.UserApiTests -->
