<?xml version="1.0" encoding="UTF-8"?>
<!-- Generated by org.testng.reporters.JUnitXMLReporter -->
<testsuite ignored="0" hostname="Nityanandyoga" failures="0" tests="4" name="User API Tests" time="8.87" errors="0" timestamp="2026-04-27T08:36:50 CEST">
  <testcase classname="tests.UserApiTests" name="deleteUserTest" time="0.911"/>
  <testcase classname="tests.UserApiTests" name="getUserTest" time="0.443"/>
  <testcase classname="tests.UserApiTests" name="updateUserTest" time="0.46"/>
  <testcase classname="tests.UserApiTests" name="getInvalidUserTest" time="0.838"/>
</testsuite> <!-- User API Tests -->
